{
  "stats": {
    "suites": 1,
    "tests": 1,
    "passes": 1,
    "pending": 0,
    "failures": 0,
    "start": "2022-01-19T17:23:34.622Z",
    "end": "2022-01-19T17:23:34.672Z",
    "duration": 50,
    "testsRegistered": 1,
    "passPercent": 100,
    "pendingPercent": 0,
    "other": 0,
    "hasOther": false,
    "skipped": 0,
    "hasSkipped": false
  },
  "results": [
    {
      "uuid": "3ffc8016-0aa5-436e-b5fa-67dd23cda6f9",
      "title": "",
      "fullFile": "cypress/integration/mytests/sample.js",
      "file": "cypress/integration/mytests/sample.js",
      "beforeHooks": [],
      "afterHooks": [],
      "tests": [],
      "suites": [
        {
          "uuid": "2a6c349a-8986-48f2-ab32-af96640309ec",
          "title": "sample test",
          "fullFile": "",
          "file": "",
          "beforeHooks": [],
          "afterHooks": [],
          "tests": [
            {
              "title": "does not match",
              "fullTitle": "sample test does not match",
              "timedOut": null,
              "duration": 35,
              "state": "passed",
              "speed": "fast",
              "pass": true,
              "fail": false,
              "pending": false,
              "context": null,
              "code": "expect(true).to.equal(true);",
              "err": {},
              "uuid": "dd0d6c72-350d-4a73-ad69-e77495018ff0",
              "parentUUID": "2a6c349a-8986-48f2-ab32-af96640309ec",
              "isHook": false,
              "skipped": false
            }
          ],
          "suites": [],
          "passes": [
            "dd0d6c72-350d-4a73-ad69-e77495018ff0"
          ],
          "failures": [],
          "pending": [],
          "skipped": [],
          "duration": 35,
          "root": false,
          "rootEmpty": false,
          "_timeout": 2000
        }
      ],
      "passes": [],
      "failures": [],
      "pending": [],
      "skipped": [],
      "duration": 0,
      "root": true,
      "rootEmpty": true,
      "_timeout": 2000
    }
  ],
  "meta": {
    "mocha": {
      "version": "7.0.1"
    },
    "mochawesome": {
      "options": {
        "quiet": false,
        "reportFilename": "report",
        "saveHtml": true,
        "saveJson": true,
        "consoleReporter": "spec",
        "useInlineDiffs": false,
        "code": true
      },
      "version": "7.0.1"
    },
    "marge": {
      "options": {
        "reportDir": "cypress/reports",
        "reportFilename": "report",
        "overwrite": false,
        "html": true,
        "json": true,
        "charts": true
      },
      "version": "6.0.1"
    }
  }
}