{
  "stats": {
    "suites": 1,
    "tests": 1,
    "passes": 1,
    "pending": 0,
    "failures": 0,
    "start": "2022-01-19T17:20:48.387Z",
    "end": "2022-01-19T17:21:06.136Z",
    "duration": 17749,
    "testsRegistered": 1,
    "passPercent": 100,
    "pendingPercent": 0,
    "other": 0,
    "hasOther": false,
    "skipped": 0,
    "hasSkipped": false
  },
  "results": [
    {
      "uuid": "c78a87d5-c933-45a5-9625-b2c4661f691a",
      "title": "",
      "fullFile": "cypress/integration/mytests/back_fwd_test.js",
      "file": "cypress/integration/mytests/back_fwd_test.js",
      "beforeHooks": [],
      "afterHooks": [],
      "tests": [],
      "suites": [
        {
          "uuid": "8a788816-efb6-4974-b799-635d9186b038",
          "title": "back and fwd button simulate",
          "fullFile": "",
          "file": "",
          "beforeHooks": [],
          "afterHooks": [],
          "tests": [
            {
              "title": "back-fwd test",
              "fullTitle": "back and fwd button simulate back-fwd test",
              "timedOut": null,
              "duration": 15478,
              "state": "passed",
              "speed": "slow",
              "pass": true,
              "fail": false,
              "pending": false,
              "context": null,
              "code": "cy.visit('https://www.freshworks.com/');\ncy.get('#onetrust-accept-btn-handler').click();\ncy.contains('Customers').click().go('back').go('forward'); //    cy.go('back')\n//    //cy.go(-1)  back ile aynı anlamda\n//    cy.wait(200)\n//    cy.go('forward')\n//    //cy.go(1)  forward ile aynı anlamda",
              "err": {},
              "uuid": "155de55a-765d-40a7-ba86-2b76ebc1439b",
              "parentUUID": "8a788816-efb6-4974-b799-635d9186b038",
              "isHook": false,
              "skipped": false
            }
          ],
          "suites": [],
          "passes": [
            "155de55a-765d-40a7-ba86-2b76ebc1439b"
          ],
          "failures": [],
          "pending": [],
          "skipped": [],
          "duration": 15478,
          "root": false,
          "rootEmpty": false,
          "_timeout": 2000
        }
      ],
      "passes": [],
      "failures": [],
      "pending": [],
      "skipped": [],
      "duration": 0,
      "root": true,
      "rootEmpty": true,
      "_timeout": 2000
    }
  ],
  "meta": {
    "mocha": {
      "version": "7.0.1"
    },
    "mochawesome": {
      "options": {
        "quiet": false,
        "reportFilename": "report",
        "saveHtml": true,
        "saveJson": true,
        "consoleReporter": "spec",
        "useInlineDiffs": false,
        "code": true
      },
      "version": "7.0.1"
    },
    "marge": {
      "options": {
        "reportDir": "cypress/reports",
        "reportFilename": "report",
        "overwrite": false,
        "html": true,
        "json": true,
        "charts": true
      },
      "version": "6.0.1"
    }
  }
}