{
  "stats": {
    "suites": 1,
    "tests": 3,
    "passes": 3,
    "pending": 0,
    "failures": 0,
    "start": "2022-01-19T17:20:33.054Z",
    "end": "2022-01-19T17:20:46.798Z",
    "duration": 13744,
    "testsRegistered": 3,
    "passPercent": 100,
    "pendingPercent": 0,
    "other": 0,
    "hasOther": false,
    "skipped": 0,
    "hasSkipped": false
  },
  "results": [
    {
      "uuid": "c2c01baf-bc37-4d4a-80f2-c703062236a2",
      "title": "",
      "fullFile": "cypress/integration/mytests/automationPractice_test.js",
      "file": "cypress/integration/mytests/automationPractice_test.js",
      "beforeHooks": [],
      "afterHooks": [],
      "tests": [],
      "suites": [
        {
          "uuid": "ff37cf6f-6374-4584-b292-01897a4f36f8",
          "title": "automation practice features testing",
          "fullFile": "",
          "file": "",
          "beforeHooks": [],
          "afterHooks": [],
          "tests": [
            {
              "title": "should login",
              "fullTitle": "automation practice features testing should login",
              "timedOut": null,
              "duration": 7526,
              "state": "passed",
              "speed": "medium",
              "pass": true,
              "fail": false,
              "pending": false,
              "context": null,
              "code": "cy.url().should('include', 'controller=my-account');\ncy.get('.myaccount-link-list a').should('have.length', 5);",
              "err": {},
              "uuid": "bf7a3693-2ef1-4fcb-a15e-efbbf6e17366",
              "parentUUID": "ff37cf6f-6374-4584-b292-01897a4f36f8",
              "isHook": false,
              "skipped": false
            },
            {
              "title": "should navigate to home page",
              "fullTitle": "automation practice features testing should navigate to home page",
              "timedOut": null,
              "duration": 1837,
              "state": "passed",
              "speed": "fast",
              "pass": true,
              "fail": false,
              "pending": false,
              "context": null,
              "code": "cy.get('.icon-chevron-left').last().click().url().should('include', 'index.php');",
              "err": {},
              "uuid": "939a033f-2ccb-45d9-9de7-e1c00c21c93b",
              "parentUUID": "ff37cf6f-6374-4584-b292-01897a4f36f8",
              "isHook": false,
              "skipped": false
            },
            {
              "title": "should search",
              "fullTitle": "automation practice features testing should search",
              "timedOut": null,
              "duration": 1963,
              "state": "passed",
              "speed": "fast",
              "pass": true,
              "fail": false,
              "pending": false,
              "context": null,
              "code": "cy.search('Dress');\ncy.get('.lighter').should('contain.text', 'Dress');",
              "err": {},
              "uuid": "bcd2bc6b-8bf0-4aae-8977-91809cab1a8c",
              "parentUUID": "ff37cf6f-6374-4584-b292-01897a4f36f8",
              "isHook": false,
              "skipped": false
            }
          ],
          "suites": [],
          "passes": [
            "bf7a3693-2ef1-4fcb-a15e-efbbf6e17366",
            "939a033f-2ccb-45d9-9de7-e1c00c21c93b",
            "bcd2bc6b-8bf0-4aae-8977-91809cab1a8c"
          ],
          "failures": [],
          "pending": [],
          "skipped": [],
          "duration": 11326,
          "root": false,
          "rootEmpty": false,
          "_timeout": 2000
        }
      ],
      "passes": [],
      "failures": [],
      "pending": [],
      "skipped": [],
      "duration": 0,
      "root": true,
      "rootEmpty": true,
      "_timeout": 2000
    }
  ],
  "meta": {
    "mocha": {
      "version": "7.0.1"
    },
    "mochawesome": {
      "options": {
        "quiet": false,
        "reportFilename": "report",
        "saveHtml": true,
        "saveJson": true,
        "consoleReporter": "spec",
        "useInlineDiffs": false,
        "code": true
      },
      "version": "7.0.1"
    },
    "marge": {
      "options": {
        "reportDir": "cypress/reports",
        "reportFilename": "report",
        "overwrite": false,
        "html": true,
        "json": true,
        "charts": true
      },
      "version": "6.0.1"
    }
  }
}