{
  "stats": {
    "suites": 1,
    "tests": 2,
    "passes": 2,
    "pending": 0,
    "failures": 0,
    "start": "2022-01-19T17:19:46.464Z",
    "end": "2022-01-19T17:19:47.245Z",
    "duration": 781,
    "testsRegistered": 2,
    "passPercent": 100,
    "pendingPercent": 0,
    "other": 0,
    "hasOther": false,
    "skipped": 0,
    "hasSkipped": false
  },
  "results": [
    {
      "uuid": "73b9996a-d2a7-49e5-971b-3c5c03119094",
      "title": "",
      "fullFile": "cypress/integration/APItests/GetUser.js",
      "file": "cypress/integration/APItests/GetUser.js",
      "beforeHooks": [],
      "afterHooks": [],
      "tests": [],
      "suites": [
        {
          "uuid": "65e74a0a-36a6-4f6a-8c07-6d0238c90e04",
          "title": "api test cases",
          "fullFile": "",
          "file": "",
          "beforeHooks": [],
          "afterHooks": [],
          "tests": [
            {
              "title": "get user",
              "fullTitle": "api test cases get user",
              "timedOut": null,
              "duration": 381,
              "state": "passed",
              "speed": "fast",
              "pass": true,
              "fail": false,
              "pending": false,
              "context": null,
              "code": "cy.request({\n  method: 'GET',\n  url: 'https://gorest.co.in/public-api/users/123/posts',\n  headers: {\n    'Authorization': 'Bearer ' + accesstoken\n  }\n}).then(res => {\n  expect(res.status).to.eq(200);\n  expect(res.body.meta.pagination).has.property('limit', 20);\n  expect(res.body).has.to.deep.equal({\n    \"code\": 200,\n    \"meta\": {\n      \"pagination\": {\n        \"total\": 0,\n        \"pages\": 0,\n        \"page\": 1,\n        \"limit\": 20\n      }\n    },\n    \"data\": []\n  });\n});",
              "err": {},
              "uuid": "ed988cf5-d89e-4f18-9a50-97c45064e5f4",
              "parentUUID": "65e74a0a-36a6-4f6a-8c07-6d0238c90e04",
              "isHook": false,
              "skipped": false
            },
            {
              "title": "get user by id",
              "fullTitle": "api test cases get user by id",
              "timedOut": null,
              "duration": 376,
              "state": "passed",
              "speed": "fast",
              "pass": true,
              "fail": false,
              "pending": false,
              "context": null,
              "code": "cy.request({\n  method: 'GET',\n  url: 'https://gorest.co.in/public-api/users/16',\n  headers: {\n    'authorization': 'Bearer ' + accesstoken\n  }\n}).then(res => {\n  expect(res.status).to.eq(200);\n  expect(res.body.data.name).to.eq('Kumar');\n});",
              "err": {},
              "uuid": "17ca6e24-0270-4f12-b3bb-4b4e2aff3a31",
              "parentUUID": "65e74a0a-36a6-4f6a-8c07-6d0238c90e04",
              "isHook": false,
              "skipped": false
            }
          ],
          "suites": [],
          "passes": [
            "ed988cf5-d89e-4f18-9a50-97c45064e5f4",
            "17ca6e24-0270-4f12-b3bb-4b4e2aff3a31"
          ],
          "failures": [],
          "pending": [],
          "skipped": [],
          "duration": 757,
          "root": false,
          "rootEmpty": false,
          "_timeout": 2000
        }
      ],
      "passes": [],
      "failures": [],
      "pending": [],
      "skipped": [],
      "duration": 0,
      "root": true,
      "rootEmpty": true,
      "_timeout": 2000
    }
  ],
  "meta": {
    "mocha": {
      "version": "7.0.1"
    },
    "mochawesome": {
      "options": {
        "quiet": false,
        "reportFilename": "report",
        "saveHtml": true,
        "saveJson": true,
        "consoleReporter": "spec",
        "useInlineDiffs": false,
        "code": true
      },
      "version": "7.0.1"
    },
    "marge": {
      "options": {
        "reportDir": "cypress/reports",
        "reportFilename": "report",
        "overwrite": false,
        "html": true,
        "json": true,
        "charts": true
      },
      "version": "6.0.1"
    }
  }
}