{
  "stats": {
    "suites": 1,
    "tests": 1,
    "passes": 1,
    "pending": 0,
    "failures": 0,
    "start": "2022-01-19T17:23:14.597Z",
    "end": "2022-01-19T17:23:32.711Z",
    "duration": 18114,
    "testsRegistered": 1,
    "passPercent": 100,
    "pendingPercent": 0,
    "other": 0,
    "hasOther": false,
    "skipped": 0,
    "hasSkipped": false
  },
  "results": [
    {
      "uuid": "03d5628f-90c0-4ad3-a6bc-3c370066f1c3",
      "title": "",
      "fullFile": "cypress/integration/mytests/reload_test.js",
      "file": "cypress/integration/mytests/reload_test.js",
      "beforeHooks": [],
      "afterHooks": [],
      "tests": [],
      "suites": [
        {
          "uuid": "ce8f312b-57ec-461c-a0cd-897883d4d421",
          "title": "reload page",
          "fullFile": "",
          "file": "",
          "beforeHooks": [],
          "afterHooks": [],
          "tests": [
            {
              "title": "page reload test",
              "fullTitle": "reload page page reload test",
              "timedOut": null,
              "duration": 16014,
              "state": "passed",
              "speed": "slow",
              "pass": true,
              "fail": false,
              "pending": false,
              "context": null,
              "code": "cy.visit('https://www.freshworks.com/');\ncy.get('#onetrust-accept-btn-handler').click();\ncy.contains('Customers').click();\ncy.reload();\ncy.contains('Platform').should('be.visible');\ncy.reload(true, {\n  timeout: 5000\n}).contains('Platform').should('be.visible');",
              "err": {},
              "uuid": "207d8b63-501e-4aa0-8568-5d1f008006ff",
              "parentUUID": "ce8f312b-57ec-461c-a0cd-897883d4d421",
              "isHook": false,
              "skipped": false
            }
          ],
          "suites": [],
          "passes": [
            "207d8b63-501e-4aa0-8568-5d1f008006ff"
          ],
          "failures": [],
          "pending": [],
          "skipped": [],
          "duration": 16014,
          "root": false,
          "rootEmpty": false,
          "_timeout": 2000
        }
      ],
      "passes": [],
      "failures": [],
      "pending": [],
      "skipped": [],
      "duration": 0,
      "root": true,
      "rootEmpty": true,
      "_timeout": 2000
    }
  ],
  "meta": {
    "mocha": {
      "version": "7.0.1"
    },
    "mochawesome": {
      "options": {
        "quiet": false,
        "reportFilename": "report",
        "saveHtml": true,
        "saveJson": true,
        "consoleReporter": "spec",
        "useInlineDiffs": false,
        "code": true
      },
      "version": "7.0.1"
    },
    "marge": {
      "options": {
        "reportDir": "cypress/reports",
        "reportFilename": "report",
        "overwrite": false,
        "html": true,
        "json": true,
        "charts": true
      },
      "version": "6.0.1"
    }
  }
}