{
  "stats": {
    "suites": 1,
    "tests": 1,
    "passes": 1,
    "pending": 0,
    "failures": 0,
    "start": "2022-01-19T17:21:59.054Z",
    "end": "2022-01-19T17:22:08.151Z",
    "duration": 9097,
    "testsRegistered": 1,
    "passPercent": 100,
    "pendingPercent": 0,
    "other": 0,
    "hasOther": false,
    "skipped": 0,
    "hasSkipped": false
  },
  "results": [
    {
      "uuid": "3acd8f05-99c2-4d21-bea9-0acd69250c16",
      "title": "",
      "fullFile": "cypress/integration/mytests/element_test.js",
      "file": "cypress/integration/mytests/element_test.js",
      "beforeHooks": [],
      "afterHooks": [],
      "tests": [],
      "suites": [
        {
          "uuid": "24704e58-5a53-4fba-9755-16ecac29aa80",
          "title": "launch my app",
          "fullFile": "",
          "file": "",
          "beforeHooks": [],
          "afterHooks": [],
          "tests": [
            {
              "title": "app testing",
              "fullTitle": "launch my app app testing",
              "timedOut": null,
              "duration": 7429,
              "state": "passed",
              "speed": "medium",
              "pass": true,
              "fail": false,
              "pending": false,
              "context": null,
              "code": "cy.visit('https://www.freshworks.com/');\ncy.get('#onetrust-accept-btn-handler').click();\ncy.contains('Platform');\ncy.contains('Platform').click(); //cy.url().should('include', '/platform')",
              "err": {},
              "uuid": "f0e2c7a0-395f-447a-9b40-583bad6f985e",
              "parentUUID": "24704e58-5a53-4fba-9755-16ecac29aa80",
              "isHook": false,
              "skipped": false
            }
          ],
          "suites": [],
          "passes": [
            "f0e2c7a0-395f-447a-9b40-583bad6f985e"
          ],
          "failures": [],
          "pending": [],
          "skipped": [],
          "duration": 7429,
          "root": false,
          "rootEmpty": false,
          "_timeout": 2000
        }
      ],
      "passes": [],
      "failures": [],
      "pending": [],
      "skipped": [],
      "duration": 0,
      "root": true,
      "rootEmpty": true,
      "_timeout": 2000
    }
  ],
  "meta": {
    "mocha": {
      "version": "7.0.1"
    },
    "mochawesome": {
      "options": {
        "quiet": false,
        "reportFilename": "report",
        "saveHtml": true,
        "saveJson": true,
        "consoleReporter": "spec",
        "useInlineDiffs": false,
        "code": true
      },
      "version": "7.0.1"
    },
    "marge": {
      "options": {
        "reportDir": "cypress/reports",
        "reportFilename": "report",
        "overwrite": false,
        "html": true,
        "json": true,
        "charts": true
      },
      "version": "6.0.1"
    }
  }
}