{
  "stats": {
    "suites": 1,
    "tests": 1,
    "passes": 1,
    "pending": 0,
    "failures": 0,
    "start": "2022-01-19T17:22:41.312Z",
    "end": "2022-01-19T17:22:54.061Z",
    "duration": 12749,
    "testsRegistered": 1,
    "passPercent": 100,
    "pendingPercent": 0,
    "other": 0,
    "hasOther": false,
    "skipped": 0,
    "hasSkipped": false
  },
  "results": [
    {
      "uuid": "9b5206cf-57da-4548-89ee-c5b6ece19f3d",
      "title": "",
      "fullFile": "cypress/integration/mytests/logintest.js",
      "file": "cypress/integration/mytests/logintest.js",
      "beforeHooks": [],
      "afterHooks": [],
      "tests": [],
      "suites": [
        {
          "uuid": "2262611c-64f8-451c-b544-f70211f7071b",
          "title": "free crm app",
          "fullFile": "",
          "file": "",
          "beforeHooks": [],
          "afterHooks": [],
          "tests": [
            {
              "title": "login test",
              "fullTitle": "free crm app login test",
              "timedOut": null,
              "duration": 9738,
              "state": "passed",
              "speed": "medium",
              "pass": true,
              "fail": false,
              "pending": false,
              "context": null,
              "code": "cy.visit('https://classic.crmpro.com/'), // cy.title().should('have', 'CRMPRO CRM Software for customer relationship management, sales and support.')\ncy.get('input[name=\"username\"]').type('batchautomation');\ncy.get('input[name=\"password\"]').type('Test@12345');\ncy.get('input[type=\"submit\"]').click(); //cy.title().should('have', 'CRMPRO')\n//cy.get('Contact').click()",
              "err": {},
              "uuid": "3d80be00-fd68-4969-898a-cd5c6cf32829",
              "parentUUID": "2262611c-64f8-451c-b544-f70211f7071b",
              "isHook": false,
              "skipped": false
            }
          ],
          "suites": [],
          "passes": [
            "3d80be00-fd68-4969-898a-cd5c6cf32829"
          ],
          "failures": [],
          "pending": [],
          "skipped": [],
          "duration": 9738,
          "root": false,
          "rootEmpty": false,
          "_timeout": 2000
        }
      ],
      "passes": [],
      "failures": [],
      "pending": [],
      "skipped": [],
      "duration": 0,
      "root": true,
      "rootEmpty": true,
      "_timeout": 2000
    }
  ],
  "meta": {
    "mocha": {
      "version": "7.0.1"
    },
    "mochawesome": {
      "options": {
        "quiet": false,
        "reportFilename": "report",
        "saveHtml": true,
        "saveJson": true,
        "consoleReporter": "spec",
        "useInlineDiffs": false,
        "code": true
      },
      "version": "7.0.1"
    },
    "marge": {
      "options": {
        "reportDir": "cypress/reports",
        "reportFilename": "report",
        "overwrite": false,
        "html": true,
        "json": true,
        "charts": true
      },
      "version": "6.0.1"
    }
  }
}