{
  "stats": {
    "suites": 2,
    "tests": 6,
    "passes": 5,
    "pending": 0,
    "failures": 1,
    "start": "2022-01-19T17:18:26.962Z",
    "end": "2022-01-19T17:18:31.977Z",
    "duration": 5015,
    "testsRegistered": 6,
    "passPercent": 83.33333333333334,
    "pendingPercent": 0,
    "other": 0,
    "hasOther": false,
    "skipped": 0,
    "hasSkipped": false
  },
  "results": [
    {
      "uuid": "81d2c87d-a3c2-4b97-9877-2065f39f96d6",
      "title": "",
      "fullFile": "cypress/integration/2-advanced-examples/misc.spec.js",
      "file": "cypress/integration/2-advanced-examples/misc.spec.js",
      "beforeHooks": [],
      "afterHooks": [],
      "tests": [],
      "suites": [
        {
          "uuid": "95ab8ea8-616a-4357-af78-ff7d88015e17",
          "title": "Misc",
          "fullFile": "",
          "file": "",
          "beforeHooks": [],
          "afterHooks": [],
          "tests": [
            {
              "title": ".end() - end the command chain",
              "fullTitle": "Misc .end() - end the command chain",
              "timedOut": null,
              "duration": 592,
              "state": "passed",
              "speed": "fast",
              "pass": true,
              "fail": false,
              "pending": false,
              "context": null,
              "code": "// https://on.cypress.io/end\n// cy.end is useful when you want to end a chain of commands\n// and force Cypress to re-query from the root element\ncy.get('.misc-table').within(() => {\n  // ends the current chain and yields null\n  cy.contains('Cheryl').click().end(); // queries the entire table again\n  cy.contains('Charles').click();\n});",
              "err": {},
              "uuid": "6f52b22c-a060-4ea6-86bb-1ef7b781b53f",
              "parentUUID": "95ab8ea8-616a-4357-af78-ff7d88015e17",
              "isHook": false,
              "skipped": false
            },
            {
              "title": "cy.exec() - execute a system command",
              "fullTitle": "Misc cy.exec() - execute a system command",
              "timedOut": null,
              "duration": 560,
              "state": "failed",
              "speed": null,
              "pass": false,
              "fail": true,
              "pending": false,
              "context": null,
              "code": "// execute a system command.\n// so you can take actions necessary for\n// your test outside the scope of Cypress.\n// https://on.cypress.io/exec\n// we can use Cypress.platform string to\n// select appropriate command\n// https://on.cypress/io/platform\ncy.log(`Platform ${Cypress.platform} architecture ${Cypress.arch}`); // on CircleCI Windows build machines we have a failure to run bash shell\n// https://github.com/cypress-io/cypress/issues/5169\n// so skip some of the tests by passing flag \"--env circle=true\"\nconst isCircleOnWindows = Cypress.platform === 'win32' && Cypress.env('circle');\nif (isCircleOnWindows) {\n  cy.log('Skipping test on CircleCI');\n  return;\n} // cy.exec problem on Shippable CI\n// https://github.com/cypress-io/cypress/issues/6718\n\nconst isShippable = Cypress.platform === 'linux' && Cypress.env('shippable');\nif (isShippable) {\n  cy.log('Skipping test on ShippableCI');\n  return;\n}\ncy.exec('echo Jane Lane').its('stdout').should('contain', 'Jane Lane');\nif (Cypress.platform === 'win32') {\n  cy.exec('print cypress.json').its('stderr').should('be.empty');\n} else {\n  cy.exec('cat cypress.json').its('stderr').should('be.empty');\n  cy.exec('pwd').its('code').should('eq', 0);\n}",
              "err": {
                "message": "CypressError: `cy.exec('echo Jane Lane')` failed because the command exited with a non-zero code.\n\nPass `{failOnNonZeroExit: false}` to ignore exit code failures.\n\nInformation about the failure:\nCode: 127\n\nStderr:\n/c/Program: Files\\Git\\usr\\bin\\bash.exe: No such file or directory\n\nhttps://on.cypress.io/exec",
                "estack": "CypressError: `cy.exec('echo Jane Lane')` failed because the command exited with a non-zero code.\n\nPass `{failOnNonZeroExit: false}` to ignore exit code failures.\n\nInformation about the failure:\nCode: 127\n\nStderr:\n/c/Program: Files\\Git\\usr\\bin\\bash.exe: No such file or directory\n\nhttps://on.cypress.io/exec\n    at https://example.cypress.io/__cypress/runner/cypress_runner.js:156309:85\n    at tryCatcher (https://example.cypress.io/__cypress/runner/cypress_runner.js:13196:23)\n    at Promise._settlePromiseFromHandler (https://example.cypress.io/__cypress/runner/cypress_runner.js:11131:31)\n    at Promise._settlePromise (https://example.cypress.io/__cypress/runner/cypress_runner.js:11188:18)\n    at Promise._settlePromise0 (https://example.cypress.io/__cypress/runner/cypress_runner.js:11233:10)\n    at Promise._settlePromises (https://example.cypress.io/__cypress/runner/cypress_runner.js:11313:18)\n    at _drainQueueStep (https://example.cypress.io/__cypress/runner/cypress_runner.js:7903:12)\n    at _drainQueue (https://example.cypress.io/__cypress/runner/cypress_runner.js:7896:9)\n    at Async.../../node_modules/bluebird/js/release/async.js.Async._drainQueues (https://example.cypress.io/__cypress/runner/cypress_runner.js:7912:5)\n    at Async.drainQueues (https://example.cypress.io/__cypress/runner/cypress_runner.js:7782:14)\nFrom Your Spec Code:\n    at Context.eval (https://example.cypress.io/__cypress/tests?p=cypress\\integration\\2-advanced-examples\\misc.spec.js:143:8)",
                "diff": null
              },
              "uuid": "7ec9511a-ecaf-45b5-9bfc-c47d76591280",
              "parentUUID": "95ab8ea8-616a-4357-af78-ff7d88015e17",
              "isHook": false,
              "skipped": false
            },
            {
              "title": "cy.focused() - get the DOM element that has focus",
              "fullTitle": "Misc cy.focused() - get the DOM element that has focus",
              "timedOut": null,
              "duration": 398,
              "state": "passed",
              "speed": "fast",
              "pass": true,
              "fail": false,
              "pending": false,
              "context": null,
              "code": "// https://on.cypress.io/focused\ncy.get('.misc-form').find('#name').click();\ncy.focused().should('have.id', 'name');\ncy.get('.misc-form').find('#description').click();\ncy.focused().should('have.id', 'description');",
              "err": {},
              "uuid": "bf75fb28-75c9-4a2f-9577-3f474f3f6a28",
              "parentUUID": "95ab8ea8-616a-4357-af78-ff7d88015e17",
              "isHook": false,
              "skipped": false
            },
            {
              "title": "cy.wrap() - wrap an object",
              "fullTitle": "Misc cy.wrap() - wrap an object",
              "timedOut": null,
              "duration": 145,
              "state": "passed",
              "speed": "fast",
              "pass": true,
              "fail": false,
              "pending": false,
              "context": null,
              "code": "// https://on.cypress.io/wrap\ncy.wrap({\n  foo: 'bar'\n}).should('have.property', 'foo').and('include', 'bar');",
              "err": {},
              "uuid": "eade48dc-ac84-4661-84d7-e499f2069b1f",
              "parentUUID": "95ab8ea8-616a-4357-af78-ff7d88015e17",
              "isHook": false,
              "skipped": false
            }
          ],
          "suites": [
            {
              "uuid": "512e5572-aa31-4592-862b-8747aede5ec1",
              "title": "Cypress.Screenshot",
              "fullFile": "",
              "file": "",
              "beforeHooks": [],
              "afterHooks": [],
              "tests": [
                {
                  "title": "cy.screenshot() - take a screenshot",
                  "fullTitle": "Misc Cypress.Screenshot cy.screenshot() - take a screenshot",
                  "timedOut": null,
                  "duration": 1554,
                  "state": "passed",
                  "speed": "fast",
                  "pass": true,
                  "fail": false,
                  "pending": false,
                  "context": null,
                  "code": "// https://on.cypress.io/screenshot\ncy.screenshot('my-image');",
                  "err": {},
                  "uuid": "e43ad800-3679-4e3d-b977-11a865334d4f",
                  "parentUUID": "512e5572-aa31-4592-862b-8747aede5ec1",
                  "isHook": false,
                  "skipped": false
                },
                {
                  "title": "Cypress.Screenshot.defaults() - change default config of screenshots",
                  "fullTitle": "Misc Cypress.Screenshot Cypress.Screenshot.defaults() - change default config of screenshots",
                  "timedOut": null,
                  "duration": 146,
                  "state": "passed",
                  "speed": "fast",
                  "pass": true,
                  "fail": false,
                  "pending": false,
                  "context": null,
                  "code": "Cypress.Screenshot.defaults({\n  blackout: ['.foo'],\n  capture: 'viewport',\n  clip: {\n    x: 0,\n    y: 0,\n    width: 200,\n    height: 200\n  },\n  scale: false,\n  disableTimersAndAnimations: true,\n  screenshotOnRunFailure: true,\n  onBeforeScreenshot() {},\n  onAfterScreenshot() {}\n});",
                  "err": {},
                  "uuid": "d65354b9-43ac-418e-abcc-93922d481a06",
                  "parentUUID": "512e5572-aa31-4592-862b-8747aede5ec1",
                  "isHook": false,
                  "skipped": false
                }
              ],
              "suites": [],
              "passes": [
                "e43ad800-3679-4e3d-b977-11a865334d4f",
                "d65354b9-43ac-418e-abcc-93922d481a06"
              ],
              "failures": [],
              "pending": [],
              "skipped": [],
              "duration": 1700,
              "root": false,
              "rootEmpty": false,
              "_timeout": 2000
            }
          ],
          "passes": [
            "6f52b22c-a060-4ea6-86bb-1ef7b781b53f",
            "bf75fb28-75c9-4a2f-9577-3f474f3f6a28",
            "eade48dc-ac84-4661-84d7-e499f2069b1f"
          ],
          "failures": [
            "7ec9511a-ecaf-45b5-9bfc-c47d76591280"
          ],
          "pending": [],
          "skipped": [],
          "duration": 1695,
          "root": false,
          "rootEmpty": false,
          "_timeout": 2000
        }
      ],
      "passes": [],
      "failures": [],
      "pending": [],
      "skipped": [],
      "duration": 0,
      "root": true,
      "rootEmpty": true,
      "_timeout": 2000
    }
  ],
  "meta": {
    "mocha": {
      "version": "7.0.1"
    },
    "mochawesome": {
      "options": {
        "quiet": false,
        "reportFilename": "report",
        "saveHtml": true,
        "saveJson": true,
        "consoleReporter": "spec",
        "useInlineDiffs": false,
        "code": true
      },
      "version": "7.0.1"
    },
    "marge": {
      "options": {
        "reportDir": "cypress/reports",
        "reportFilename": "report",
        "overwrite": false,
        "html": true,
        "json": true,
        "charts": true
      },
      "version": "6.0.1"
    }
  }
}