{
  "stats": {
    "suites": 1,
    "tests": 4,
    "passes": 4,
    "pending": 0,
    "failures": 0,
    "start": "2022-01-19T17:19:56.235Z",
    "end": "2022-01-19T17:20:01.806Z",
    "duration": 5571,
    "testsRegistered": 4,
    "passPercent": 100,
    "pendingPercent": 0,
    "other": 0,
    "hasOther": false,
    "skipped": 0,
    "hasSkipped": false
  },
  "results": [
    {
      "uuid": "5c78302d-d7a8-4d98-8063-55f021684550",
      "title": "",
      "fullFile": "cypress/integration/interception/ApiIntercept.js",
      "file": "cypress/integration/interception/ApiIntercept.js",
      "beforeHooks": [],
      "afterHooks": [],
      "tests": [],
      "suites": [
        {
          "uuid": "88cf9b17-b04f-471c-b2af-d58df5b09afa",
          "title": "intercept with cypress examples",
          "fullFile": "",
          "file": "",
          "beforeHooks": [],
          "afterHooks": [],
          "tests": [
            {
              "title": "test api with simple intercept stubbing",
              "fullTitle": "intercept with cypress examples test api with simple intercept stubbing",
              "timedOut": null,
              "duration": 2174,
              "state": "passed",
              "speed": "fast",
              "pass": true,
              "fail": false,
              "pending": false,
              "context": null,
              "code": "cy.visit('https://jsonplaceholder.typicode.com/');\ncy.intercept({\n  path: '/posts'\n}).as('posts');\ncy.get(\"table:nth-of-type(1) a[href='/posts']\").click();\ncy.wait('@posts').then(inter => {\n  cy.log(JSON.stringify(inter));\n  console.log(JSON.stringify(inter));\n  expect(inter.response.body).to.have.length(100);\n});",
              "err": {},
              "uuid": "a561a04d-51d8-41ba-8ffc-812a933d1152",
              "parentUUID": "88cf9b17-b04f-471c-b2af-d58df5b09afa",
              "isHook": false,
              "skipped": false
            },
            {
              "title": "mocking with intercept test with static response",
              "fullTitle": "intercept with cypress examples mocking with intercept test with static response",
              "timedOut": null,
              "duration": 591,
              "state": "passed",
              "speed": "fast",
              "pass": true,
              "fail": false,
              "pending": false,
              "context": null,
              "code": "cy.visit('https://jsonplaceholder.typicode.com/');\ncy.intercept('GET', '/posts', {\n  totalpost: 5,\n  name: 'naveen'\n}).as('posts');\ncy.get(\"table:nth-of-type(1) a[href='/posts']\").click();\ncy.wait('@posts');",
              "err": {},
              "uuid": "caa5ee95-f37e-420a-9b58-d5bc0788270d",
              "parentUUID": "88cf9b17-b04f-471c-b2af-d58df5b09afa",
              "isHook": false,
              "skipped": false
            },
            {
              "title": "mocking with intercept test with dynamic fixture",
              "fullTitle": "intercept with cypress examples mocking with intercept test with dynamic fixture",
              "timedOut": null,
              "duration": 565,
              "state": "passed",
              "speed": "fast",
              "pass": true,
              "fail": false,
              "pending": false,
              "context": null,
              "code": "cy.visit('https://jsonplaceholder.typicode.com/');\ncy.intercept('GET', '/posts', {\n  fixture: 'createuser.json'\n}).as('posts');\ncy.get(\"table:nth-of-type(1) a[href='/posts']\").click();\ncy.wait('@posts');",
              "err": {},
              "uuid": "41d8b814-4963-43d6-8a60-71c93f996c64",
              "parentUUID": "88cf9b17-b04f-471c-b2af-d58df5b09afa",
              "isHook": false,
              "skipped": false
            },
            {
              "title": "mocking with intercept test with dynamic fixture json",
              "fullTitle": "intercept with cypress examples mocking with intercept test with dynamic fixture json",
              "timedOut": null,
              "duration": 374,
              "state": "passed",
              "speed": "fast",
              "pass": true,
              "fail": false,
              "pending": false,
              "context": null,
              "code": "cy.visit('https://jsonplaceholder.typicode.com/');\ncy.intercept('GET', '/posts', req => {\n  req.reply(res => {\n    res.send({\n      fixture: 'createuser.json'\n    });\n  });\n});",
              "err": {},
              "uuid": "ed96a90b-58bc-4567-ab3d-7f5668ba2155",
              "parentUUID": "88cf9b17-b04f-471c-b2af-d58df5b09afa",
              "isHook": false,
              "skipped": false
            }
          ],
          "suites": [],
          "passes": [
            "a561a04d-51d8-41ba-8ffc-812a933d1152",
            "caa5ee95-f37e-420a-9b58-d5bc0788270d",
            "41d8b814-4963-43d6-8a60-71c93f996c64",
            "ed96a90b-58bc-4567-ab3d-7f5668ba2155"
          ],
          "failures": [],
          "pending": [],
          "skipped": [],
          "duration": 3704,
          "root": false,
          "rootEmpty": false,
          "_timeout": 2000
        }
      ],
      "passes": [],
      "failures": [],
      "pending": [],
      "skipped": [],
      "duration": 0,
      "root": true,
      "rootEmpty": true,
      "_timeout": 2000
    }
  ],
  "meta": {
    "mocha": {
      "version": "7.0.1"
    },
    "mochawesome": {
      "options": {
        "quiet": false,
        "reportFilename": "report",
        "saveHtml": true,
        "saveJson": true,
        "consoleReporter": "spec",
        "useInlineDiffs": false,
        "code": true
      },
      "version": "7.0.1"
    },
    "marge": {
      "options": {
        "reportDir": "cypress/reports",
        "reportFilename": "report",
        "overwrite": false,
        "html": true,
        "json": true,
        "charts": true
      },
      "version": "6.0.1"
    }
  }
}