{
  "stats": {
    "suites": 1,
    "tests": 1,
    "passes": 1,
    "pending": 0,
    "failures": 0,
    "start": "2021-12-25T21:03:41.283Z",
    "end": "2021-12-25T21:03:49.793Z",
    "duration": 8510,
    "testsRegistered": 1,
    "passPercent": 100,
    "pendingPercent": 0,
    "other": 0,
    "hasOther": false,
    "skipped": 0,
    "hasSkipped": false
  },
  "results": [
    {
      "uuid": "96aa0dcc-d613-4313-9355-a07a2332cbde",
      "title": "",
      "fullFile": "cypress/integration/sampletests/amazon_search.js",
      "file": "cypress/integration/sampletests/amazon_search.js",
      "beforeHooks": [],
      "afterHooks": [],
      "tests": [],
      "suites": [
        {
          "uuid": "8a28f854-d6b3-4daa-b638-9fa40a930d27",
          "title": "Amazon Search App ",
          "fullFile": "",
          "file": "",
          "beforeHooks": [],
          "afterHooks": [],
          "tests": [
            {
              "title": "seract test",
              "fullTitle": "Amazon Search App  seract test",
              "timedOut": null,
              "duration": 6031,
              "state": "passed",
              "speed": "medium",
              "pass": true,
              "fail": false,
              "pending": false,
              "context": null,
              "code": "cy.visit('https://www.amazon.in');\ncy.get('.nav-search-field ').within(() => {\n  cy.get('#twotabsearchtextbox').type('Apple Mac Book Laptop');\n});",
              "err": {},
              "uuid": "1857a31b-0703-4282-8dab-aacf7438ce83",
              "parentUUID": "8a28f854-d6b3-4daa-b638-9fa40a930d27",
              "isHook": false,
              "skipped": false
            }
          ],
          "suites": [],
          "passes": [
            "1857a31b-0703-4282-8dab-aacf7438ce83"
          ],
          "failures": [],
          "pending": [],
          "skipped": [],
          "duration": 6031,
          "root": false,
          "rootEmpty": false,
          "_timeout": 2000
        }
      ],
      "passes": [],
      "failures": [],
      "pending": [],
      "skipped": [],
      "duration": 0,
      "root": true,
      "rootEmpty": true,
      "_timeout": 2000
    }
  ],
  "meta": {
    "mocha": {
      "version": "7.0.1"
    },
    "mochawesome": {
      "options": {
        "quiet": false,
        "reportFilename": "report",
        "saveHtml": true,
        "saveJson": true,
        "consoleReporter": "spec",
        "useInlineDiffs": false,
        "code": true
      },
      "version": "7.0.1"
    },
    "marge": {
      "options": {
        "reportDir": "cypress/reports",
        "reportFilename": "report",
        "overwrite": false,
        "html": true,
        "json": true,
        "charts": true
      },
      "version": "6.0.1"
    }
  }
}